0 info it worked if it ends with ok
1 verbose cli [ 'E:\\Program Files (x86)\\node.exe',
1 verbose cli   'E:\\Program Files (x86)\\node_modules\\npm\\bin\\npm-cli.js',
1 verbose cli   'install',
1 verbose cli   'moment' ]
2 info using npm@2.14.2
3 info using node@v4.0.0
4 verbose install initial load of E:\project\0129\nodejs-websocketServer\package.json
5 verbose stack Error: Failed to parse json
5 verbose stack No data, empty input at 1:1
5 verbose stack
5 verbose stack ^
5 verbose stack     at parseError (E:\Program Files (x86)\node_modules\npm\node_modules\read-package-json\read-json.js:379:11)
5 verbose stack     at parseJson (E:\Program Files (x86)\node_modules\npm\node_modules\read-package-json\read-json.js:68:23)
5 verbose stack     at E:\Program Files (x86)\node_modules\npm\node_modules\read-package-json\read-json.js:48:5
5 verbose stack     at FSReqWrap.readFileAfterClose [as oncomplete] (evalmachine.<anonymous>:380:3)
6 verbose cwd E:\project\0129\nodejs-websocketServer
7 error Windows_NT 6.3.9600
8 error argv "E:\\Program Files (x86)\\node.exe" "E:\\Program Files (x86)\\node_modules\\npm\\bin\\npm-cli.js" "install" "moment"
9 error node v4.0.0
10 error npm  v2.14.2
11 error file E:\project\0129\nodejs-websocketServer\package.json
12 error code EJSONPARSE
13 error Failed to parse json
13 error No data, empty input at 1:1
13 error
13 error ^
14 error File: E:\project\0129\nodejs-websocketServer\package.json
15 error Failed to parse package.json data.
15 error package.json must be actual JSON, not just JavaScript.
15 error
15 error This is not a bug in npm.
15 error Tell the package author to fix their package.json file. JSON.parse
16 verbose exit [ 1, true ]
